0 info it worked if it ends with ok
1 verbose cli [ '/usr/bin/nodejs', '/usr/bin/npm', 'i', '-g', 'pm2' ]
2 info using npm@3.5.2
3 info using node@v4.2.6
4 silly loadCurrentTree Starting
5 silly install loadCurrentTree
6 silly install readGlobalPackageData
7 silly fetchPackageMetaData pm2
8 silly fetchNamedPackageData pm2
9 silly mapToRegistry name pm2
10 silly mapToRegistry using default registry
11 silly mapToRegistry registry https://registry.npmjs.org/
12 silly mapToRegistry uri https://registry.npmjs.org/pm2
13 verbose request uri https://registry.npmjs.org/pm2
14 verbose request no auth needed
15 info attempt registry request try #1 at 6:46:14 PM
16 verbose request id 9d82ce3070133af1
17 verbose etag W/"4a264ea34f23b1e15abd8a6650284468"
18 verbose lastModified Mon, 25 Jul 2022 16:11:03 GMT
19 http request GET https://registry.npmjs.org/pm2
20 http 304 https://registry.npmjs.org/pm2
21 verbose headers { date: 'Wed, 21 Sep 2022 18:46:14 GMT',
21 verbose headers   connection: 'keep-alive',
21 verbose headers   'cf-ray': '74e4f6665e9485ba-BOM',
21 verbose headers   age: '7',
21 verbose headers   'cache-control': 'public, max-age=300',
21 verbose headers   etag: '"4a264ea34f23b1e15abd8a6650284468"',
21 verbose headers   'last-modified': 'Mon, 25 Jul 2022 16:11:03 GMT',
21 verbose headers   vary: 'Accept-Encoding',
21 verbose headers   'cf-cache-status': 'HIT',
21 verbose headers   'x-amz-replication-status': 'COMPLETED',
21 verbose headers   server: 'cloudflare' }
22 silly get cb [ 304,
22 silly get   { date: 'Wed, 21 Sep 2022 18:46:14 GMT',
22 silly get     connection: 'keep-alive',
22 silly get     'cf-ray': '74e4f6665e9485ba-BOM',
22 silly get     age: '7',
22 silly get     'cache-control': 'public, max-age=300',
22 silly get     etag: '"4a264ea34f23b1e15abd8a6650284468"',
22 silly get     'last-modified': 'Mon, 25 Jul 2022 16:11:03 GMT',
22 silly get     vary: 'Accept-Encoding',
22 silly get     'cf-cache-status': 'HIT',
22 silly get     'x-amz-replication-status': 'COMPLETED',
22 silly get     server: 'cloudflare' } ]
23 verbose etag https://registry.npmjs.org/pm2 from cache
24 verbose get saving pm2 to /home/chase/.npm/registry.npmjs.org/pm2/.cache.json
25 silly install normalizeTree
26 silly loadCurrentTree Finishing
27 silly loadIdealTree Starting
28 silly install loadIdealTree
29 silly cloneCurrentTree Starting
30 silly install cloneCurrentTreeToIdealTree
31 silly cloneCurrentTree Finishing
32 silly loadShrinkwrap Starting
33 silly install loadShrinkwrap
34 silly loadShrinkwrap Finishing
35 silly loadAllDepsIntoIdealTree Starting
36 silly install loadAllDepsIntoIdealTree
37 silly resolveWithNewModule pm2@5.2.0 checking installable status
38 silly cache add args [ 'pm2', null ]
39 verbose cache add spec pm2
40 silly cache add parsed spec Result {
40 silly cache add   raw: 'pm2',
40 silly cache add   scope: null,
40 silly cache add   name: 'pm2',
40 silly cache add   rawSpec: '',
40 silly cache add   spec: 'latest',
40 silly cache add   type: 'tag' }
41 silly addNamed pm2@latest
42 verbose addNamed "latest" is being treated as a dist-tag for pm2
43 info addNameTag [ 'pm2', 'latest' ]
44 silly mapToRegistry name pm2
45 silly mapToRegistry using default registry
46 silly mapToRegistry registry https://registry.npmjs.org/
47 silly mapToRegistry uri https://registry.npmjs.org/pm2
48 verbose addNameTag registry:https://registry.npmjs.org/pm2 not in flight; fetching
49 verbose get https://registry.npmjs.org/pm2 not expired, no request
50 silly addNameTag next cb for pm2 with tag latest
51 silly addNamed pm2@5.2.0
52 verbose addNamed "5.2.0" is a plain semver version for pm2
53 silly cache afterAdd pm2@5.2.0
54 verbose afterAdd /home/chase/.npm/pm2/5.2.0/package/package.json not in flight; writing
55 verbose afterAdd /home/chase/.npm/pm2/5.2.0/package/package.json written
56 silly fetchNamedPackageData @pm2/agent
57 silly mapToRegistry name @pm2/agent
58 silly mapToRegistry scope (from package name) @pm2
59 verbose mapToRegistry no registry URL found in name for scope @pm2
60 silly mapToRegistry using default registry
61 silly mapToRegistry registry https://registry.npmjs.org/
62 silly mapToRegistry uri https://registry.npmjs.org/@pm2%2fagent
63 silly fetchNamedPackageData @pm2/io
64 silly mapToRegistry name @pm2/io
65 silly mapToRegistry scope (from package name) @pm2
66 verbose mapToRegistry no registry URL found in name for scope @pm2
67 silly mapToRegistry using default registry
68 silly mapToRegistry registry https://registry.npmjs.org/
69 silly mapToRegistry uri https://registry.npmjs.org/@pm2%2fio
70 silly fetchNamedPackageData @pm2/js-api
71 silly mapToRegistry name @pm2/js-api
72 silly mapToRegistry scope (from package name) @pm2
73 verbose mapToRegistry no registry URL found in name for scope @pm2
74 silly mapToRegistry using default registry
75 silly mapToRegistry registry https://registry.npmjs.org/
76 silly mapToRegistry uri https://registry.npmjs.org/@pm2%2fjs-api
77 silly fetchNamedPackageData async
78 silly mapToRegistry name async
79 silly mapToRegistry using default registry
80 silly mapToRegistry registry https://registry.npmjs.org/
81 silly mapToRegistry uri https://registry.npmjs.org/async
82 silly fetchNamedPackageData blessed
83 silly mapToRegistry name blessed
84 silly mapToRegistry using default registry
85 silly mapToRegistry registry https://registry.npmjs.org/
86 silly mapToRegistry uri https://registry.npmjs.org/blessed
87 silly fetchNamedPackageData chalk
88 silly mapToRegistry name chalk
89 silly mapToRegistry using default registry
90 silly mapToRegistry registry https://registry.npmjs.org/
91 silly mapToRegistry uri https://registry.npmjs.org/chalk
92 silly fetchNamedPackageData chokidar
93 silly mapToRegistry name chokidar
94 silly mapToRegistry using default registry
95 silly mapToRegistry registry https://registry.npmjs.org/
96 silly mapToRegistry uri https://registry.npmjs.org/chokidar
97 silly fetchNamedPackageData cli-tableau
98 silly mapToRegistry name cli-tableau
99 silly mapToRegistry using default registry
100 silly mapToRegistry registry https://registry.npmjs.org/
101 silly mapToRegistry uri https://registry.npmjs.org/cli-tableau
102 silly fetchNamedPackageData commander
103 silly mapToRegistry name commander
104 silly mapToRegistry using default registry
105 silly mapToRegistry registry https://registry.npmjs.org/
106 silly mapToRegistry uri https://registry.npmjs.org/commander
107 silly fetchNamedPackageData croner
108 silly mapToRegistry name croner
109 silly mapToRegistry using default registry
110 silly mapToRegistry registry https://registry.npmjs.org/
111 silly mapToRegistry uri https://registry.npmjs.org/croner
112 silly fetchNamedPackageData dayjs
113 silly mapToRegistry name dayjs
114 silly mapToRegistry using default registry
115 silly mapToRegistry registry https://registry.npmjs.org/
116 silly mapToRegistry uri https://registry.npmjs.org/dayjs
117 silly fetchNamedPackageData debug
118 silly mapToRegistry name debug
119 silly mapToRegistry using default registry
120 silly mapToRegistry registry https://registry.npmjs.org/
121 silly mapToRegistry uri https://registry.npmjs.org/debug
122 silly fetchNamedPackageData enquirer
123 silly mapToRegistry name enquirer
124 silly mapToRegistry using default registry
125 silly mapToRegistry registry https://registry.npmjs.org/
126 silly mapToRegistry uri https://registry.npmjs.org/enquirer
127 silly fetchNamedPackageData eventemitter2
128 silly mapToRegistry name eventemitter2
129 silly mapToRegistry using default registry
130 silly mapToRegistry registry https://registry.npmjs.org/
131 silly mapToRegistry uri https://registry.npmjs.org/eventemitter2
132 silly fetchNamedPackageData sprintf-js
133 silly mapToRegistry name sprintf-js
134 silly mapToRegistry using default registry
135 silly mapToRegistry registry https://registry.npmjs.org/
136 silly mapToRegistry uri https://registry.npmjs.org/sprintf-js
137 silly fetchNamedPackageData fclone
138 silly mapToRegistry name fclone
139 silly mapToRegistry using default registry
140 silly mapToRegistry registry https://registry.npmjs.org/
141 silly mapToRegistry uri https://registry.npmjs.org/fclone
142 silly fetchNamedPackageData mkdirp
143 silly mapToRegistry name mkdirp
144 silly mapToRegistry using default registry
145 silly mapToRegistry registry https://registry.npmjs.org/
146 silly mapToRegistry uri https://registry.npmjs.org/mkdirp
147 silly fetchNamedPackageData needle
148 silly mapToRegistry name needle
149 silly mapToRegistry using default registry
150 silly mapToRegistry registry https://registry.npmjs.org/
151 silly mapToRegistry uri https://registry.npmjs.org/needle
152 silly fetchNamedPackageData pidusage
153 silly mapToRegistry name pidusage
154 silly mapToRegistry using default registry
155 silly mapToRegistry registry https://registry.npmjs.org/
156 silly mapToRegistry uri https://registry.npmjs.org/pidusage
157 silly fetchNamedPackageData pm2-axon
158 silly mapToRegistry name pm2-axon
159 silly mapToRegistry using default registry
160 silly mapToRegistry registry https://registry.npmjs.org/
161 silly mapToRegistry uri https://registry.npmjs.org/pm2-axon
162 silly fetchNamedPackageData pm2-axon-rpc
163 silly mapToRegistry name pm2-axon-rpc
164 silly mapToRegistry using default registry
165 silly mapToRegistry registry https://registry.npmjs.org/
166 silly mapToRegistry uri https://registry.npmjs.org/pm2-axon-rpc
167 silly fetchNamedPackageData pm2-deploy
168 silly mapToRegistry name pm2-deploy
169 silly mapToRegistry using default registry
170 silly mapToRegistry registry https://registry.npmjs.org/
171 silly mapToRegistry uri https://registry.npmjs.org/pm2-deploy
172 silly fetchNamedPackageData pm2-multimeter
173 silly mapToRegistry name pm2-multimeter
174 silly mapToRegistry using default registry
175 silly mapToRegistry registry https://registry.npmjs.org/
176 silly mapToRegistry uri https://registry.npmjs.org/pm2-multimeter
177 silly fetchNamedPackageData promptly
178 silly mapToRegistry name promptly
179 silly mapToRegistry using default registry
180 silly mapToRegistry registry https://registry.npmjs.org/
181 silly mapToRegistry uri https://registry.npmjs.org/promptly
182 silly fetchNamedPackageData semver
183 silly mapToRegistry name semver
184 silly mapToRegistry using default registry
185 silly mapToRegistry registry https://registry.npmjs.org/
186 silly mapToRegistry uri https://registry.npmjs.org/semver
187 silly fetchNamedPackageData source-map-support
188 silly mapToRegistry name source-map-support
189 silly mapToRegistry using default registry
190 silly mapToRegistry registry https://registry.npmjs.org/
191 silly mapToRegistry uri https://registry.npmjs.org/source-map-support
192 silly fetchNamedPackageData vizion
193 silly mapToRegistry name vizion
194 silly mapToRegistry using default registry
195 silly mapToRegistry registry https://registry.npmjs.org/
196 silly mapToRegistry uri https://registry.npmjs.org/vizion
197 silly fetchNamedPackageData yamljs
198 silly mapToRegistry name yamljs
199 silly mapToRegistry using default registry
200 silly mapToRegistry registry https://registry.npmjs.org/
201 silly mapToRegistry uri https://registry.npmjs.org/yamljs
202 silly fetchNamedPackageData pm2-sysmonit
203 silly mapToRegistry name pm2-sysmonit
204 silly mapToRegistry using default registry
205 silly mapToRegistry registry https://registry.npmjs.org/
206 silly mapToRegistry uri https://registry.npmjs.org/pm2-sysmonit
207 silly fetchNamedPackageData @pm2/pm2-version-check
208 silly mapToRegistry name @pm2/pm2-version-check
209 silly mapToRegistry scope (from package name) @pm2
210 verbose mapToRegistry no registry URL found in name for scope @pm2
211 silly mapToRegistry using default registry
212 silly mapToRegistry registry https://registry.npmjs.org/
213 silly mapToRegistry uri https://registry.npmjs.org/@pm2%2fpm2-version-check
214 verbose request uri https://registry.npmjs.org/@pm2%2fagent
215 verbose request no auth needed
216 info attempt registry request try #1 at 6:46:15 PM
217 verbose etag W/"8876dbb5716170e760d1d43d841710d8"
218 verbose lastModified Sun, 12 Jun 2022 22:42:10 GMT
219 http request GET https://registry.npmjs.org/@pm2%2fagent
220 verbose request uri https://registry.npmjs.org/@pm2%2fio
221 verbose request no auth needed
222 info attempt registry request try #1 at 6:46:15 PM
223 verbose etag W/"0141ec753c79af0ba33955ad07ccdeee"
224 verbose lastModified Wed, 06 Apr 2022 15:29:38 GMT
225 http request GET https://registry.npmjs.org/@pm2%2fio
226 verbose request uri https://registry.npmjs.org/@pm2%2fjs-api
227 verbose request no auth needed
228 info attempt registry request try #1 at 6:46:15 PM
229 verbose etag W/"a09c5124977bcd6205774df1a308be98"
230 verbose lastModified Sun, 12 Jun 2022 22:42:11 GMT
231 http request GET https://registry.npmjs.org/@pm2%2fjs-api
232 verbose request uri https://registry.npmjs.org/async
233 verbose request no auth needed
234 info attempt registry request try #1 at 6:46:15 PM
235 verbose etag W/"52e6cf39c33e51936f61ff3bdf3fe668"
236 verbose lastModified Mon, 25 Jul 2022 16:10:43 GMT
237 http request GET https://registry.npmjs.org/async
238 verbose request uri https://registry.npmjs.org/blessed
239 verbose request no auth needed
240 info attempt registry request try #1 at 6:46:15 PM
241 verbose etag W/"dc3c1794b9341f75b1755c39bfea3125"
242 verbose lastModified Mon, 13 Jun 2022 04:47:09 GMT
243 http request GET https://registry.npmjs.org/blessed
244 verbose request uri https://registry.npmjs.org/chalk
245 verbose request no auth needed
246 info attempt registry request try #1 at 6:46:15 PM
247 verbose etag W/"7e89694a58ccdd0ee0c4c56b4bdd868b"
248 verbose lastModified Fri, 26 Aug 2022 22:48:01 GMT
249 http request GET https://registry.npmjs.org/chalk
250 verbose request uri https://registry.npmjs.org/chokidar
251 verbose request no auth needed
252 info attempt registry request try #1 at 6:46:15 PM
253 verbose etag W/"860e59ebd3765f448cc1908756dda159"
254 verbose lastModified Mon, 13 Jun 2022 05:59:18 GMT
255 http request GET https://registry.npmjs.org/chokidar
256 verbose request uri https://registry.npmjs.org/cli-tableau
257 verbose request no auth needed
258 info attempt registry request try #1 at 6:46:15 PM
259 verbose etag W/"1351355856f024a62c9b825f02b3ab53"
260 verbose lastModified Tue, 12 Apr 2022 06:41:27 GMT
261 http request GET https://registry.npmjs.org/cli-tableau
262 verbose request uri https://registry.npmjs.org/commander
263 verbose request no auth needed
264 info attempt registry request try #1 at 6:46:15 PM
265 verbose etag W/"a8f44fee62df40b08706acaf62915148"
266 verbose lastModified Tue, 09 Aug 2022 12:41:39 GMT
267 http request GET https://registry.npmjs.org/commander
268 verbose request uri https://registry.npmjs.org/croner
269 verbose request no auth needed
270 info attempt registry request try #1 at 6:46:15 PM
271 verbose etag W/"abc8590cac82a6a7f04cc00647c0ca8e"
272 verbose lastModified Wed, 21 Sep 2022 18:37:06 GMT
273 http request GET https://registry.npmjs.org/croner
274 verbose request uri https://registry.npmjs.org/dayjs
275 verbose request no auth needed
276 info attempt registry request try #1 at 6:46:15 PM
277 verbose etag W/"65fea878653b969a3a7ea4f470771a73"
278 verbose lastModified Fri, 12 Aug 2022 12:57:21 GMT
279 http request GET https://registry.npmjs.org/dayjs
280 verbose request uri https://registry.npmjs.org/debug
281 verbose request no auth needed
282 info attempt registry request try #1 at 6:46:15 PM
283 verbose etag W/"51d9616cb0ee2b212bcf304eb7700c56"
284 verbose lastModified Tue, 09 Aug 2022 12:45:46 GMT
285 http request GET https://registry.npmjs.org/debug
286 verbose request uri https://registry.npmjs.org/enquirer
287 verbose request no auth needed
288 info attempt registry request try #1 at 6:46:15 PM
289 verbose etag W/"a7b45326270f0545bc6d5c1960fd2da5"
290 verbose lastModified Fri, 17 Jun 2022 05:52:25 GMT
291 http request GET https://registry.npmjs.org/enquirer
292 verbose request uri https://registry.npmjs.org/eventemitter2
293 verbose request no auth needed
294 info attempt registry request try #1 at 6:46:15 PM
295 verbose etag W/"e276dc52ceb8be7a1a1effdd840f977d"
296 verbose lastModified Mon, 12 Sep 2022 17:47:00 GMT
297 http request GET https://registry.npmjs.org/eventemitter2
298 verbose request uri https://registry.npmjs.org/sprintf-js
299 verbose request no auth needed
300 info attempt registry request try #1 at 6:46:15 PM
301 verbose etag W/"e1c68af3543696284ea378dd119f8876"
302 verbose lastModified Sun, 26 Jun 2022 23:08:13 GMT
303 http request GET https://registry.npmjs.org/sprintf-js
304 verbose request uri https://registry.npmjs.org/fclone
305 verbose request no auth needed
306 info attempt registry request try #1 at 6:46:15 PM
307 verbose etag W/"89d137ce8619537f634e13c64d66d4fc"
308 verbose lastModified Fri, 17 Jun 2022 23:50:42 GMT
309 http request GET https://registry.npmjs.org/fclone
310 verbose request uri https://registry.npmjs.org/mkdirp
311 verbose request no auth needed
312 info attempt registry request try #1 at 6:46:15 PM
313 verbose etag W/"decc505d0f52c4696b2cbbd2c4f680c5"
314 verbose lastModified Sun, 19 Jun 2022 23:29:14 GMT
315 http request GET https://registry.npmjs.org/mkdirp
316 verbose request uri https://registry.npmjs.org/needle
317 verbose request no auth needed
318 info attempt registry request try #1 at 6:46:15 PM
319 verbose etag W/"c98ed98251d590ba373342d21d574863"
320 verbose lastModified Mon, 20 Jun 2022 23:42:01 GMT
321 http request GET https://registry.npmjs.org/needle
322 verbose request uri https://registry.npmjs.org/pidusage
323 verbose request no auth needed
324 info attempt registry request try #1 at 6:46:15 PM
325 verbose etag W/"6faed35f7e7434307699345ea2525c02"
326 verbose lastModified Thu, 23 Jun 2022 22:56:11 GMT
327 http request GET https://registry.npmjs.org/pidusage
328 verbose request uri https://registry.npmjs.org/pm2-axon
329 verbose request no auth needed
330 info attempt registry request try #1 at 6:46:15 PM
331 verbose etag W/"bbdd8c9f59540a9c594e4bcecd92f1e8"
332 verbose lastModified Fri, 24 Jun 2022 04:46:24 GMT
333 http request GET https://registry.npmjs.org/pm2-axon
334 verbose request uri https://registry.npmjs.org/pm2-axon-rpc
335 verbose request no auth needed
336 info attempt registry request try #1 at 6:46:15 PM
337 verbose etag W/"4585e45f4f4c52344fa2abb9c8ca217d"
338 verbose lastModified Fri, 24 Jun 2022 04:46:36 GMT
339 http request GET https://registry.npmjs.org/pm2-axon-rpc
340 verbose request uri https://registry.npmjs.org/pm2-deploy
341 verbose request no auth needed
342 info attempt registry request try #1 at 6:46:15 PM
343 verbose etag W/"4b685da6b54398c4ba045c2905628726"
344 verbose lastModified Fri, 24 Jun 2022 04:48:00 GMT
345 http request GET https://registry.npmjs.org/pm2-deploy
346 verbose request uri https://registry.npmjs.org/pm2-multimeter
347 verbose request no auth needed
348 info attempt registry request try #1 at 6:46:15 PM
349 verbose etag W/"d1a3710ebb4dee704ed98fb39eb56415"
350 verbose lastModified Fri, 24 Jun 2022 04:52:36 GMT
351 http request GET https://registry.npmjs.org/pm2-multimeter
352 verbose request uri https://registry.npmjs.org/promptly
353 verbose request no auth needed
354 info attempt registry request try #1 at 6:46:15 PM
355 verbose etag W/"b1a66f176b51e27e2f657c19b9690716"
356 verbose lastModified Fri, 24 Jun 2022 19:56:46 GMT
357 http request GET https://registry.npmjs.org/promptly
358 verbose request uri https://registry.npmjs.org/semver
359 verbose request no auth needed
360 info attempt registry request try #1 at 6:46:15 PM
361 verbose etag W/"124459fa020053f728ffd79bd7df57c8"
362 verbose lastModified Mon, 25 Jul 2022 16:10:59 GMT
363 http request GET https://registry.npmjs.org/semver
364 verbose request uri https://registry.npmjs.org/source-map-support
365 verbose request no auth needed
366 info attempt registry request try #1 at 6:46:15 PM
367 verbose etag W/"6970a88035be23dffc972e6be944456a"
368 verbose lastModified Sun, 26 Jun 2022 22:22:58 GMT
369 http request GET https://registry.npmjs.org/source-map-support
370 verbose request uri https://registry.npmjs.org/vizion
371 verbose request no auth needed
372 info attempt registry request try #1 at 6:46:15 PM
373 verbose etag W/"0d38e6118baa8d72e15ec186c0c7ee95"
374 verbose lastModified Tue, 28 Jun 2022 17:56:57 GMT
375 http request GET https://registry.npmjs.org/vizion
376 verbose request uri https://registry.npmjs.org/yamljs
377 verbose request no auth needed
378 info attempt registry request try #1 at 6:46:15 PM
379 verbose etag W/"a83258708a535655e2ece79635b2d293"
380 verbose lastModified Wed, 29 Jun 2022 06:50:15 GMT
381 http request GET https://registry.npmjs.org/yamljs
382 verbose request uri https://registry.npmjs.org/pm2-sysmonit
383 verbose request no auth needed
384 info attempt registry request try #1 at 6:46:15 PM
385 verbose etag W/"a40251b50cf25bf8fe753a9299008311"
386 verbose lastModified Fri, 13 May 2022 03:04:53 GMT
387 http request GET https://registry.npmjs.org/pm2-sysmonit
388 verbose request uri https://registry.npmjs.org/@pm2%2fpm2-version-check
389 verbose request no auth needed
390 info attempt registry request try #1 at 6:46:15 PM
391 verbose etag W/"78d74182389b6c5a44f4aa14bb8c9e7d"
392 verbose lastModified Wed, 06 Apr 2022 15:29:40 GMT
393 http request GET https://registry.npmjs.org/@pm2%2fpm2-version-check
394 http 304 https://registry.npmjs.org/fclone
395 verbose headers { date: 'Wed, 21 Sep 2022 18:46:15 GMT',
395 verbose headers   connection: 'keep-alive',
395 verbose headers   'cf-ray': '74e4f668988b8599-BOM',
395 verbose headers   age: '91',
395 verbose headers   'cache-control': 'public, max-age=300',
395 verbose headers   etag: '"89d137ce8619537f634e13c64d66d4fc"',
395 verbose headers   'last-modified': 'Fri, 17 Jun 2022 23:50:42 GMT',
395 verbose headers   vary: 'Accept-Encoding',
395 verbose headers   'cf-cache-status': 'HIT',
395 verbose headers   'x-amz-replication-status': 'COMPLETED',
395 verbose headers   server: 'cloudflare' }
396 silly get cb [ 304,
396 silly get   { date: 'Wed, 21 Sep 2022 18:46:15 GMT',
396 silly get     connection: 'keep-alive',
396 silly get     'cf-ray': '74e4f668988b8599-BOM',
396 silly get     age: '91',
396 silly get     'cache-control': 'public, max-age=300',
396 silly get     etag: '"89d137ce8619537f634e13c64d66d4fc"',
396 silly get     'last-modified': 'Fri, 17 Jun 2022 23:50:42 GMT',
396 silly get     vary: 'Accept-Encoding',
396 silly get     'cf-cache-status': 'HIT',
396 silly get     'x-amz-replication-status': 'COMPLETED',
396 silly get     server: 'cloudflare' } ]
397 verbose etag https://registry.npmjs.org/fclone from cache
398 verbose get saving fclone to /home/chase/.npm/registry.npmjs.org/fclone/.cache.json
399 http 304 https://registry.npmjs.org/blessed
400 verbose headers { date: 'Wed, 21 Sep 2022 18:46:15 GMT',
400 verbose headers   connection: 'keep-alive',
400 verbose headers   'cf-ray': '74e4f6689ee28577-BOM',
400 verbose headers   age: '90',
400 verbose headers   'cache-control': 'public, max-age=300',
400 verbose headers   etag: '"dc3c1794b9341f75b1755c39bfea3125"',
400 verbose headers   'last-modified': 'Mon, 13 Jun 2022 04:47:09 GMT',
400 verbose headers   vary: 'Accept-Encoding',
400 verbose headers   'cf-cache-status': 'HIT',
400 verbose headers   'x-amz-replication-status': 'COMPLETED',
400 verbose headers   server: 'cloudflare' }
401 silly get cb [ 304,
401 silly get   { date: 'Wed, 21 Sep 2022 18:46:15 GMT',
401 silly get     connection: 'keep-alive',
401 silly get     'cf-ray': '74e4f6689ee28577-BOM',
401 silly get     age: '90',
401 silly get     'cache-control': 'public, max-age=300',
401 silly get     etag: '"dc3c1794b9341f75b1755c39bfea3125"',
401 silly get     'last-modified': 'Mon, 13 Jun 2022 04:47:09 GMT',
401 silly get     vary: 'Accept-Encoding',
401 silly get     'cf-cache-status': 'HIT',
401 silly get     'x-amz-replication-status': 'COMPLETED',
401 silly get     server: 'cloudflare' } ]
402 verbose etag https://registry.npmjs.org/blessed from cache
403 verbose get saving blessed to /home/chase/.npm/registry.npmjs.org/blessed/.cache.json
404 http 304 https://registry.npmjs.org/dayjs
405 verbose headers { date: 'Wed, 21 Sep 2022 18:46:15 GMT',
405 verbose headers   connection: 'keep-alive',
405 verbose headers   'cf-ray': '74e4f66898c12e38-BOM',
405 verbose headers   age: '285',
405 verbose headers   'cache-control': 'public, max-age=300',
405 verbose headers   etag: '"65fea878653b969a3a7ea4f470771a73"',
405 verbose headers   'last-modified': 'Fri, 12 Aug 2022 12:57:21 GMT',
405 verbose headers   vary: 'Accept-Encoding',
405 verbose headers   'cf-cache-status': 'HIT',
405 verbose headers   'x-amz-replication-status': 'COMPLETED',
405 verbose headers   server: 'cloudflare' }
406 silly get cb [ 304,
406 silly get   { date: 'Wed, 21 Sep 2022 18:46:15 GMT',
406 silly get     connection: 'keep-alive',
406 silly get     'cf-ray': '74e4f66898c12e38-BOM',
406 silly get     age: '285',
406 silly get     'cache-control': 'public, max-age=300',
406 silly get     etag: '"65fea878653b969a3a7ea4f470771a73"',
406 silly get     'last-modified': 'Fri, 12 Aug 2022 12:57:21 GMT',
406 silly get     vary: 'Accept-Encoding',
406 silly get     'cf-cache-status': 'HIT',
406 silly get     'x-amz-replication-status': 'COMPLETED',
406 silly get     server: 'cloudflare' } ]
407 verbose etag https://registry.npmjs.org/dayjs from cache
408 verbose get saving dayjs to /home/chase/.npm/registry.npmjs.org/dayjs/.cache.json
409 http 304 https://registry.npmjs.org/debug
410 verbose headers { date: 'Wed, 21 Sep 2022 18:46:15 GMT',
410 verbose headers   connection: 'keep-alive',
410 verbose headers   'cf-ray': '74e4f668983284f2-BOM',
410 verbose headers   age: '217',
410 verbose headers   'cache-control': 'public, max-age=300',
410 verbose headers   etag: '"51d9616cb0ee2b212bcf304eb7700c56"',
410 verbose headers   'last-modified': 'Tue, 09 Aug 2022 12:45:46 GMT',
410 verbose headers   vary: 'Accept-Encoding',
410 verbose headers   'cf-cache-status': 'HIT',
410 verbose headers   'x-amz-replication-status': 'COMPLETED',
410 verbose headers   server: 'cloudflare' }
411 silly get cb [ 304,
411 silly get   { date: 'Wed, 21 Sep 2022 18:46:15 GMT',
411 silly get     connection: 'keep-alive',
411 silly get     'cf-ray': '74e4f668983284f2-BOM',
411 silly get     age: '217',
411 silly get     'cache-control': 'public, max-age=300',
411 silly get     etag: '"51d9616cb0ee2b212bcf304eb7700c56"',
411 silly get     'last-modified': 'Tue, 09 Aug 2022 12:45:46 GMT',
411 silly get     vary: 'Accept-Encoding',
411 silly get     'cf-cache-status': 'HIT',
411 silly get     'x-amz-replication-status': 'COMPLETED',
411 silly get     server: 'cloudflare' } ]
412 verbose etag https://registry.npmjs.org/debug from cache
413 verbose get saving debug to /home/chase/.npm/registry.npmjs.org/debug/.cache.json
414 http 304 https://registry.npmjs.org/enquirer
415 verbose headers { date: 'Wed, 21 Sep 2022 18:46:15 GMT',
415 verbose headers   connection: 'keep-alive',
415 verbose headers   'cf-ray': '74e4f6689ee185b1-BOM',
415 verbose headers   age: '90',
415 verbose headers   'cache-control': 'public, max-age=300',
415 verbose headers   etag: '"a7b45326270f0545bc6d5c1960fd2da5"',
415 verbose headers   'last-modified': 'Fri, 17 Jun 2022 05:52:25 GMT',
415 verbose headers   vary: 'Accept-Encoding',
415 verbose headers   'cf-cache-status': 'HIT',
415 verbose headers   'x-amz-replication-status': 'COMPLETED',
415 verbose headers   server: 'cloudflare' }
416 silly get cb [ 304,
416 silly get   { date: 'Wed, 21 Sep 2022 18:46:15 GMT',
416 silly get     connection: 'keep-alive',
416 silly get     'cf-ray': '74e4f6689ee185b1-BOM',
416 silly get     age: '90',
416 silly get     'cache-control': 'public, max-age=300',
416 silly get     etag: '"a7b45326270f0545bc6d5c1960fd2da5"',
416 silly get     'last-modified': 'Fri, 17 Jun 2022 05:52:25 GMT',
416 silly get     vary: 'Accept-Encoding',
416 silly get     'cf-cache-status': 'HIT',
416 silly get     'x-amz-replication-status': 'COMPLETED',
416 silly get     server: 'cloudflare' } ]
417 verbose etag https://registry.npmjs.org/enquirer from cache
418 verbose get saving enquirer to /home/chase/.npm/registry.npmjs.org/enquirer/.cache.json
419 http 304 https://registry.npmjs.org/source-map-support
420 verbose headers { date: 'Wed, 21 Sep 2022 18:46:15 GMT',
420 verbose headers   connection: 'keep-alive',
420 verbose headers   'cf-ray': '74e4f6689dfe85ee-BOM',
420 verbose headers   age: '225',
420 verbose headers   'cache-control': 'public, max-age=300',
420 verbose headers   etag: '"6970a88035be23dffc972e6be944456a"',
420 verbose headers   'last-modified': 'Sun, 26 Jun 2022 22:22:58 GMT',
420 verbose headers   vary: 'Accept-Encoding',
420 verbose headers   'cf-cache-status': 'HIT',
420 verbose headers   'x-amz-replication-status': 'COMPLETED',
420 verbose headers   server: 'cloudflare' }
421 silly get cb [ 304,
421 silly get   { date: 'Wed, 21 Sep 2022 18:46:15 GMT',
421 silly get     connection: 'keep-alive',
421 silly get     'cf-ray': '74e4f6689dfe85ee-BOM',
421 silly get     age: '225',
421 silly get     'cache-control': 'public, max-age=300',
421 silly get     etag: '"6970a88035be23dffc972e6be944456a"',
421 silly get     'last-modified': 'Sun, 26 Jun 2022 22:22:58 GMT',
421 silly get     vary: 'Accept-Encoding',
421 silly get     'cf-cache-status': 'HIT',
421 silly get     'x-amz-replication-status': 'COMPLETED',
421 silly get     server: 'cloudflare' } ]
422 verbose etag https://registry.npmjs.org/source-map-support from cache
423 verbose get saving source-map-support to /home/chase/.npm/registry.npmjs.org/source-map-support/.cache.json
424 http 304 https://registry.npmjs.org/vizion
425 verbose headers { date: 'Wed, 21 Sep 2022 18:46:15 GMT',
425 verbose headers   connection: 'keep-alive',
425 verbose headers   'cf-ray': '74e4f66898da6eca-BOM',
425 verbose headers   age: '258',
425 verbose headers   'cache-control': 'public, max-age=300',
425 verbose headers   etag: '"0d38e6118baa8d72e15ec186c0c7ee95"',
425 verbose headers   'last-modified': 'Tue, 28 Jun 2022 17:56:57 GMT',
425 verbose headers   vary: 'Accept-Encoding',
425 verbose headers   'cf-cache-status': 'HIT',
425 verbose headers   'x-amz-replication-status': 'COMPLETED',
425 verbose headers   server: 'cloudflare' }
426 silly get cb [ 304,
426 silly get   { date: 'Wed, 21 Sep 2022 18:46:15 GMT',
426 silly get     connection: 'keep-alive',
426 silly get     'cf-ray': '74e4f66898da6eca-BOM',
426 silly get     age: '258',
426 silly get     'cache-control': 'public, max-age=300',
426 silly get     etag: '"0d38e6118baa8d72e15ec186c0c7ee95"',
426 silly get     'last-modified': 'Tue, 28 Jun 2022 17:56:57 GMT',
426 silly get     vary: 'Accept-Encoding',
426 silly get     'cf-cache-status': 'HIT',
426 silly get     'x-amz-replication-status': 'COMPLETED',
426 silly get     server: 'cloudflare' } ]
427 verbose etag https://registry.npmjs.org/vizion from cache
428 verbose get saving vizion to /home/chase/.npm/registry.npmjs.org/vizion/.cache.json
429 http 304 https://registry.npmjs.org/chokidar
430 verbose headers { date: 'Wed, 21 Sep 2022 18:46:15 GMT',
430 verbose headers   connection: 'keep-alive',
430 verbose headers   'cf-ray': '74e4f6689c622e1d-BOM',
430 verbose headers   age: '14',
430 verbose headers   'cache-control': 'public, max-age=300',
430 verbose headers   etag: '"860e59ebd3765f448cc1908756dda159"',
430 verbose headers   'last-modified': 'Mon, 13 Jun 2022 05:59:18 GMT',
430 verbose headers   vary: 'Accept-Encoding',
430 verbose headers   'cf-cache-status': 'HIT',
430 verbose headers   'x-amz-replication-status': 'COMPLETED',
430 verbose headers   server: 'cloudflare' }
431 silly get cb [ 304,
431 silly get   { date: 'Wed, 21 Sep 2022 18:46:15 GMT',
431 silly get     connection: 'keep-alive',
431 silly get     'cf-ray': '74e4f6689c622e1d-BOM',
431 silly get     age: '14',
431 silly get     'cache-control': 'public, max-age=300',
431 silly get     etag: '"860e59ebd3765f448cc1908756dda159"',
431 silly get     'last-modified': 'Mon, 13 Jun 2022 05:59:18 GMT',
431 silly get     vary: 'Accept-Encoding',
431 silly get     'cf-cache-status': 'HIT',
431 silly get     'x-amz-replication-status': 'COMPLETED',
431 silly get     server: 'cloudflare' } ]
432 verbose etag https://registry.npmjs.org/chokidar from cache
433 verbose get saving chokidar to /home/chase/.npm/registry.npmjs.org/chokidar/.cache.json
434 http 304 https://registry.npmjs.org/yamljs
435 verbose headers { date: 'Wed, 21 Sep 2022 18:46:15 GMT',
435 verbose headers   connection: 'keep-alive',
435 verbose headers   'cf-ray': '74e4f6689de58615-BOM',
435 verbose headers   age: '90',
435 verbose headers   'cache-control': 'public, max-age=300',
435 verbose headers   etag: '"a83258708a535655e2ece79635b2d293"',
435 verbose headers   'last-modified': 'Wed, 29 Jun 2022 06:50:15 GMT',
435 verbose headers   vary: 'Accept-Encoding',
435 verbose headers   'cf-cache-status': 'HIT',
435 verbose headers   'x-amz-replication-status': 'COMPLETED',
435 verbose headers   server: 'cloudflare' }
436 silly get cb [ 304,
436 silly get   { date: 'Wed, 21 Sep 2022 18:46:15 GMT',
436 silly get     connection: 'keep-alive',
436 silly get     'cf-ray': '74e4f6689de58615-BOM',
436 silly get     age: '90',
436 silly get     'cache-control': 'public, max-age=300',
436 silly get     etag: '"a83258708a535655e2ece79635b2d293"',
436 silly get     'last-modified': 'Wed, 29 Jun 2022 06:50:15 GMT',
436 silly get     vary: 'Accept-Encoding',
436 silly get     'cf-cache-status': 'HIT',
436 silly get     'x-amz-replication-status': 'COMPLETED',
436 silly get     server: 'cloudflare' } ]
437 verbose etag https://registry.npmjs.org/yamljs from cache
438 verbose get saving yamljs to /home/chase/.npm/registry.npmjs.org/yamljs/.cache.json
439 http 304 https://registry.npmjs.org/chalk
440 verbose headers { date: 'Wed, 21 Sep 2022 18:46:15 GMT',
440 verbose headers   connection: 'keep-alive',
440 verbose headers   'cf-ray': '74e4f668980b8606-BOM',
440 verbose headers   age: '195',
440 verbose headers   'cache-control': 'public, max-age=300',
440 verbose headers   etag: '"7e89694a58ccdd0ee0c4c56b4bdd868b"',
440 verbose headers   'last-modified': 'Fri, 26 Aug 2022 22:48:01 GMT',
440 verbose headers   vary: 'Accept-Encoding',
440 verbose headers   'cf-cache-status': 'HIT',
440 verbose headers   'x-amz-replication-status': 'COMPLETED',
440 verbose headers   server: 'cloudflare' }
441 silly get cb [ 304,
441 silly get   { date: 'Wed, 21 Sep 2022 18:46:15 GMT',
441 silly get     connection: 'keep-alive',
441 silly get     'cf-ray': '74e4f668980b8606-BOM',
441 silly get     age: '195',
441 silly get     'cache-control': 'public, max-age=300',
441 silly get     etag: '"7e89694a58ccdd0ee0c4c56b4bdd868b"',
441 silly get     'last-modified': 'Fri, 26 Aug 2022 22:48:01 GMT',
441 silly get     vary: 'Accept-Encoding',
441 silly get     'cf-cache-status': 'HIT',
441 silly get     'x-amz-replication-status': 'COMPLETED',
441 silly get     server: 'cloudflare' } ]
442 verbose etag https://registry.npmjs.org/chalk from cache
443 verbose get saving chalk to /home/chase/.npm/registry.npmjs.org/chalk/.cache.json
444 http 304 https://registry.npmjs.org/needle
445 verbose headers { date: 'Wed, 21 Sep 2022 18:46:15 GMT',
445 verbose headers   connection: 'keep-alive',
445 verbose headers   'cf-ray': '74e4f6689e5d3212-BOM',
445 verbose headers   age: '42',
445 verbose headers   'cache-control': 'public, max-age=300',
445 verbose headers   etag: '"c98ed98251d590ba373342d21d574863"',
445 verbose headers   'last-modified': 'Mon, 20 Jun 2022 23:42:01 GMT',
445 verbose headers   vary: 'Accept-Encoding',
445 verbose headers   'cf-cache-status': 'HIT',
445 verbose headers   'x-amz-replication-status': 'COMPLETED',
445 verbose headers   server: 'cloudflare' }
446 silly get cb [ 304,
446 silly get   { date: 'Wed, 21 Sep 2022 18:46:15 GMT',
446 silly get     connection: 'keep-alive',
446 silly get     'cf-ray': '74e4f6689e5d3212-BOM',
446 silly get     age: '42',
446 silly get     'cache-control': 'public, max-age=300',
446 silly get     etag: '"c98ed98251d590ba373342d21d574863"',
446 silly get     'last-modified': 'Mon, 20 Jun 2022 23:42:01 GMT',
446 silly get     vary: 'Accept-Encoding',
446 silly get     'cf-cache-status': 'HIT',
446 silly get     'x-amz-replication-status': 'COMPLETED',
446 silly get     server: 'cloudflare' } ]
447 verbose etag https://registry.npmjs.org/needle from cache
448 verbose get saving needle to /home/chase/.npm/registry.npmjs.org/needle/.cache.json
449 http 304 https://registry.npmjs.org/pm2-axon-rpc
450 verbose headers { date: 'Wed, 21 Sep 2022 18:46:15 GMT',
450 verbose headers   connection: 'keep-alive',
450 verbose headers   'cf-ray': '74e4f6689ebd2e23-BOM',
450 verbose headers   age: '90',
450 verbose headers   'cache-control': 'public, max-age=300',
450 verbose headers   etag: '"4585e45f4f4c52344fa2abb9c8ca217d"',
450 verbose headers   'last-modified': 'Fri, 24 Jun 2022 04:46:36 GMT',
450 verbose headers   vary: 'Accept-Encoding',
450 verbose headers   'cf-cache-status': 'HIT',
450 verbose headers   'x-amz-replication-status': 'COMPLETED',
450 verbose headers   server: 'cloudflare' }
451 silly get cb [ 304,
451 silly get   { date: 'Wed, 21 Sep 2022 18:46:15 GMT',
451 silly get     connection: 'keep-alive',
451 silly get     'cf-ray': '74e4f6689ebd2e23-BOM',
451 silly get     age: '90',
451 silly get     'cache-control': 'public, max-age=300',
451 silly get     etag: '"4585e45f4f4c52344fa2abb9c8ca217d"',
451 silly get     'last-modified': 'Fri, 24 Jun 2022 04:46:36 GMT',
451 silly get     vary: 'Accept-Encoding',
451 silly get     'cf-cache-status': 'HIT',
451 silly get     'x-amz-replication-status': 'COMPLETED',
451 silly get     server: 'cloudflare' } ]
452 verbose etag https://registry.npmjs.org/pm2-axon-rpc from cache
453 verbose get saving pm2-axon-rpc to /home/chase/.npm/registry.npmjs.org/pm2-axon-rpc/.cache.json
454 http 304 https://registry.npmjs.org/semver
455 verbose headers { date: 'Wed, 21 Sep 2022 18:46:15 GMT',
455 verbose headers   connection: 'keep-alive',
455 verbose headers   'cf-ray': '74e4f6689bdb850d-BOM',
455 verbose headers   age: '205',
455 verbose headers   'cache-control': 'public, max-age=300',
455 verbose headers   etag: '"124459fa020053f728ffd79bd7df57c8"',
455 verbose headers   'last-modified': 'Mon, 25 Jul 2022 16:10:59 GMT',
455 verbose headers   vary: 'Accept-Encoding',
455 verbose headers   'cf-cache-status': 'HIT',
455 verbose headers   'x-amz-replication-status': 'COMPLETED',
455 verbose headers   server: 'cloudflare' }
456 silly get cb [ 304,
456 silly get   { date: 'Wed, 21 Sep 2022 18:46:15 GMT',
456 silly get     connection: 'keep-alive',
456 silly get     'cf-ray': '74e4f6689bdb850d-BOM',
456 silly get     age: '205',
456 silly get     'cache-control': 'public, max-age=300',
456 silly get     etag: '"124459fa020053f728ffd79bd7df57c8"',
456 silly get     'last-modified': 'Mon, 25 Jul 2022 16:10:59 GMT',
456 silly get     vary: 'Accept-Encoding',
456 silly get     'cf-cache-status': 'HIT',
456 silly get     'x-amz-replication-status': 'COMPLETED',
456 silly get     server: 'cloudflare' } ]
457 verbose etag https://registry.npmjs.org/semver from cache
458 verbose get saving semver to /home/chase/.npm/registry.npmjs.org/semver/.cache.json
459 http 304 https://registry.npmjs.org/pm2-sysmonit
460 verbose headers { date: 'Wed, 21 Sep 2022 18:46:15 GMT',
460 verbose headers   connection: 'keep-alive',
460 verbose headers   'cf-ray': '74e4f6689a05858a-BOM',
460 verbose headers   age: '90',
460 verbose headers   'cache-control': 'public, max-age=300',
460 verbose headers   etag: '"a40251b50cf25bf8fe753a9299008311"',
460 verbose headers   'last-modified': 'Fri, 13 May 2022 03:04:53 GMT',
460 verbose headers   vary: 'Accept-Encoding',
460 verbose headers   'cf-cache-status': 'HIT',
460 verbose headers   'x-amz-replication-status': 'COMPLETED',
460 verbose headers   server: 'cloudflare' }
461 silly get cb [ 304,
461 silly get   { date: 'Wed, 21 Sep 2022 18:46:15 GMT',
461 silly get     connection: 'keep-alive',
461 silly get     'cf-ray': '74e4f6689a05858a-BOM',
461 silly get     age: '90',
461 silly get     'cache-control': 'public, max-age=300',
461 silly get     etag: '"a40251b50cf25bf8fe753a9299008311"',
461 silly get     'last-modified': 'Fri, 13 May 2022 03:04:53 GMT',
461 silly get     vary: 'Accept-Encoding',
461 silly get     'cf-cache-status': 'HIT',
461 silly get     'x-amz-replication-status': 'COMPLETED',
461 silly get     server: 'cloudflare' } ]
462 verbose etag https://registry.npmjs.org/pm2-sysmonit from cache
463 verbose get saving pm2-sysmonit to /home/chase/.npm/registry.npmjs.org/pm2-sysmonit/.cache.json
464 http 304 https://registry.npmjs.org/pm2-deploy
465 verbose headers { date: 'Wed, 21 Sep 2022 18:46:15 GMT',
465 verbose headers   connection: 'keep-alive',
465 verbose headers   'cf-ray': '74e4f6689eb38620-BOM',
465 verbose headers   age: '90',
465 verbose headers   'cache-control': 'public, max-age=300',
465 verbose headers   etag: '"4b685da6b54398c4ba045c2905628726"',
465 verbose headers   'last-modified': 'Fri, 24 Jun 2022 04:48:00 GMT',
465 verbose headers   vary: 'Accept-Encoding',
465 verbose headers   'cf-cache-status': 'HIT',
465 verbose headers   'x-amz-replication-status': 'COMPLETED',
465 verbose headers   server: 'cloudflare' }
466 silly get cb [ 304,
466 silly get   { date: 'Wed, 21 Sep 2022 18:46:15 GMT',
466 silly get     connection: 'keep-alive',
466 silly get     'cf-ray': '74e4f6689eb38620-BOM',
466 silly get     age: '90',
466 silly get     'cache-control': 'public, max-age=300',
466 silly get     etag: '"4b685da6b54398c4ba045c2905628726"',
466 silly get     'last-modified': 'Fri, 24 Jun 2022 04:48:00 GMT',
466 silly get     vary: 'Accept-Encoding',
466 silly get     'cf-cache-status': 'HIT',
466 silly get     'x-amz-replication-status': 'COMPLETED',
466 silly get     server: 'cloudflare' } ]
467 verbose etag https://registry.npmjs.org/pm2-deploy from cache
468 verbose get saving pm2-deploy to /home/chase/.npm/registry.npmjs.org/pm2-deploy/.cache.json
469 http 304 https://registry.npmjs.org/pm2-axon
470 verbose headers { date: 'Wed, 21 Sep 2022 18:46:15 GMT',
470 verbose headers   connection: 'keep-alive',
470 verbose headers   'cf-ray': '74e4f6689c0384a7-BOM',
470 verbose headers   age: '90',
470 verbose headers   'cache-control': 'public, max-age=300',
470 verbose headers   etag: '"bbdd8c9f59540a9c594e4bcecd92f1e8"',
470 verbose headers   'last-modified': 'Fri, 24 Jun 2022 04:46:24 GMT',
470 verbose headers   vary: 'Accept-Encoding',
470 verbose headers   'cf-cache-status': 'HIT',
470 verbose headers   'x-amz-replication-status': 'COMPLETED',
470 verbose headers   server: 'cloudflare' }
471 silly get cb [ 304,
471 silly get   { date: 'Wed, 21 Sep 2022 18:46:15 GMT',
471 silly get     connection: 'keep-alive',
471 silly get     'cf-ray': '74e4f6689c0384a7-BOM',
471 silly get     age: '90',
471 silly get     'cache-control': 'public, max-age=300',
471 silly get     etag: '"bbdd8c9f59540a9c594e4bcecd92f1e8"',
471 silly get     'last-modified': 'Fri, 24 Jun 2022 04:46:24 GMT',
471 silly get     vary: 'Accept-Encoding',
471 silly get     'cf-cache-status': 'HIT',
471 silly get     'x-amz-replication-status': 'COMPLETED',
471 silly get     server: 'cloudflare' } ]
472 verbose etag https://registry.npmjs.org/pm2-axon from cache
473 verbose get saving pm2-axon to /home/chase/.npm/registry.npmjs.org/pm2-axon/.cache.json
474 http 304 https://registry.npmjs.org/croner
475 verbose headers { date: 'Wed, 21 Sep 2022 18:46:15 GMT',
475 verbose headers   connection: 'keep-alive',
475 verbose headers   'cf-ray': '74e4f6689d868549-BOM',
475 verbose headers   age: '90',
475 verbose headers   'cache-control': 'public, max-age=300',
475 verbose headers   etag: '"abc8590cac82a6a7f04cc00647c0ca8e"',
475 verbose headers   'last-modified': 'Wed, 21 Sep 2022 18:37:06 GMT',
475 verbose headers   vary: 'Accept-Encoding',
475 verbose headers   'cf-cache-status': 'HIT',
475 verbose headers   'x-amz-replication-status': 'COMPLETED',
475 verbose headers   server: 'cloudflare' }
476 silly get cb [ 304,
476 silly get   { date: 'Wed, 21 Sep 2022 18:46:15 GMT',
476 silly get     connection: 'keep-alive',
476 silly get     'cf-ray': '74e4f6689d868549-BOM',
476 silly get     age: '90',
476 silly get     'cache-control': 'public, max-age=300',
476 silly get     etag: '"abc8590cac82a6a7f04cc00647c0ca8e"',
476 silly get     'last-modified': 'Wed, 21 Sep 2022 18:37:06 GMT',
476 silly get     vary: 'Accept-Encoding',
476 silly get     'cf-cache-status': 'HIT',
476 silly get     'x-amz-replication-status': 'COMPLETED',
476 silly get     server: 'cloudflare' } ]
477 verbose etag https://registry.npmjs.org/croner from cache
478 verbose get saving croner to /home/chase/.npm/registry.npmjs.org/croner/.cache.json
479 http 304 https://registry.npmjs.org/commander
480 verbose headers { date: 'Wed, 21 Sep 2022 18:46:15 GMT',
480 verbose headers   connection: 'keep-alive',
480 verbose headers   'cf-ray': '74e4f668986c847d-BOM',
480 verbose headers   age: '174',
480 verbose headers   'cache-control': 'public, max-age=300',
480 verbose headers   etag: '"a8f44fee62df40b08706acaf62915148"',
480 verbose headers   'last-modified': 'Tue, 09 Aug 2022 12:41:39 GMT',
480 verbose headers   vary: 'Accept-Encoding',
480 verbose headers   'cf-cache-status': 'HIT',
480 verbose headers   'x-amz-replication-status': 'PENDING',
480 verbose headers   server: 'cloudflare' }
481 silly get cb [ 304,
481 silly get   { date: 'Wed, 21 Sep 2022 18:46:15 GMT',
481 silly get     connection: 'keep-alive',
481 silly get     'cf-ray': '74e4f668986c847d-BOM',
481 silly get     age: '174',
481 silly get     'cache-control': 'public, max-age=300',
481 silly get     etag: '"a8f44fee62df40b08706acaf62915148"',
481 silly get     'last-modified': 'Tue, 09 Aug 2022 12:41:39 GMT',
481 silly get     vary: 'Accept-Encoding',
481 silly get     'cf-cache-status': 'HIT',
481 silly get     'x-amz-replication-status': 'PENDING',
481 silly get     server: 'cloudflare' } ]
482 verbose etag https://registry.npmjs.org/commander from cache
483 verbose get saving commander to /home/chase/.npm/registry.npmjs.org/commander/.cache.json
484 http 304 https://registry.npmjs.org/@pm2%2fio
485 verbose headers { date: 'Wed, 21 Sep 2022 18:46:15 GMT',
485 verbose headers   connection: 'keep-alive',
485 verbose headers   'cf-ray': '74e4f6688a0f8501-BOM',
485 verbose headers   age: '90',
485 verbose headers   'cache-control': 'public, max-age=300',
485 verbose headers   etag: '"0141ec753c79af0ba33955ad07ccdeee"',
485 verbose headers   'last-modified': 'Wed, 06 Apr 2022 15:29:38 GMT',
485 verbose headers   vary: 'Accept-Encoding',
485 verbose headers   'cf-cache-status': 'HIT',
485 verbose headers   'x-amz-replication-status': 'COMPLETED',
485 verbose headers   server: 'cloudflare' }
486 silly get cb [ 304,
486 silly get   { date: 'Wed, 21 Sep 2022 18:46:15 GMT',
486 silly get     connection: 'keep-alive',
486 silly get     'cf-ray': '74e4f6688a0f8501-BOM',
486 silly get     age: '90',
486 silly get     'cache-control': 'public, max-age=300',
486 silly get     etag: '"0141ec753c79af0ba33955ad07ccdeee"',
486 silly get     'last-modified': 'Wed, 06 Apr 2022 15:29:38 GMT',
486 silly get     vary: 'Accept-Encoding',
486 silly get     'cf-cache-status': 'HIT',
486 silly get     'x-amz-replication-status': 'COMPLETED',
486 silly get     server: 'cloudflare' } ]
487 verbose etag https://registry.npmjs.org/@pm2%2fio from cache
488 verbose get saving @pm2/io to /home/chase/.npm/registry.npmjs.org/_40pm2_252fio/.cache.json
489 http 304 https://registry.npmjs.org/eventemitter2
490 verbose headers { date: 'Wed, 21 Sep 2022 18:46:15 GMT',
490 verbose headers   connection: 'keep-alive',
490 verbose headers   'cf-ray': '74e4f668983b85e4-BOM',
490 verbose headers   age: '90',
490 verbose headers   'cache-control': 'public, max-age=300',
490 verbose headers   etag: '"e276dc52ceb8be7a1a1effdd840f977d"',
490 verbose headers   'last-modified': 'Mon, 12 Sep 2022 17:47:00 GMT',
490 verbose headers   vary: 'Accept-Encoding',
490 verbose headers   'cf-cache-status': 'HIT',
490 verbose headers   'x-amz-replication-status': 'COMPLETED',
490 verbose headers   server: 'cloudflare' }
491 silly get cb [ 304,
491 silly get   { date: 'Wed, 21 Sep 2022 18:46:15 GMT',
491 silly get     connection: 'keep-alive',
491 silly get     'cf-ray': '74e4f668983b85e4-BOM',
491 silly get     age: '90',
491 silly get     'cache-control': 'public, max-age=300',
491 silly get     etag: '"e276dc52ceb8be7a1a1effdd840f977d"',
491 silly get     'last-modified': 'Mon, 12 Sep 2022 17:47:00 GMT',
491 silly get     vary: 'Accept-Encoding',
491 silly get     'cf-cache-status': 'HIT',
491 silly get     'x-amz-replication-status': 'COMPLETED',
491 silly get     server: 'cloudflare' } ]
492 verbose etag https://registry.npmjs.org/eventemitter2 from cache
493 verbose get saving eventemitter2 to /home/chase/.npm/registry.npmjs.org/eventemitter2/.cache.json
494 http 304 https://registry.npmjs.org/@pm2%2fjs-api
495 verbose headers { date: 'Wed, 21 Sep 2022 18:46:15 GMT',
495 verbose headers   connection: 'keep-alive',
495 verbose headers   'cf-ray': '74e4f6689e3d6ee3-BOM',
495 verbose headers   age: '90',
495 verbose headers   'cache-control': 'public, max-age=300',
495 verbose headers   etag: '"a09c5124977bcd6205774df1a308be98"',
495 verbose headers   'last-modified': 'Sun, 12 Jun 2022 22:42:11 GMT',
495 verbose headers   vary: 'Accept-Encoding',
495 verbose headers   'cf-cache-status': 'HIT',
495 verbose headers   'x-amz-replication-status': 'COMPLETED',
495 verbose headers   server: 'cloudflare' }
496 silly get cb [ 304,
496 silly get   { date: 'Wed, 21 Sep 2022 18:46:15 GMT',
496 silly get     connection: 'keep-alive',
496 silly get     'cf-ray': '74e4f6689e3d6ee3-BOM',
496 silly get     age: '90',
496 silly get     'cache-control': 'public, max-age=300',
496 silly get     etag: '"a09c5124977bcd6205774df1a308be98"',
496 silly get     'last-modified': 'Sun, 12 Jun 2022 22:42:11 GMT',
496 silly get     vary: 'Accept-Encoding',
496 silly get     'cf-cache-status': 'HIT',
496 silly get     'x-amz-replication-status': 'COMPLETED',
496 silly get     server: 'cloudflare' } ]
497 verbose etag https://registry.npmjs.org/@pm2%2fjs-api from cache
498 verbose get saving @pm2/js-api to /home/chase/.npm/registry.npmjs.org/_40pm2_252fjs-api/.cache.json
499 silly resolveWithNewModule fclone@1.0.11 checking installable status
500 silly cache add args [ 'fclone@1.0.11', null ]
501 verbose cache add spec fclone@1.0.11
502 silly cache add parsed spec Result {
502 silly cache add   raw: 'fclone@1.0.11',
502 silly cache add   scope: null,
502 silly cache add   name: 'fclone',
502 silly cache add   rawSpec: '1.0.11',
502 silly cache add   spec: '1.0.11',
502 silly cache add   type: 'version' }
503 silly addNamed fclone@1.0.11
504 verbose addNamed "1.0.11" is a plain semver version for fclone
505 silly mapToRegistry name fclone
506 silly mapToRegistry using default registry
507 silly mapToRegistry registry https://registry.npmjs.org/
508 silly mapToRegistry uri https://registry.npmjs.org/fclone
509 verbose addNameVersion registry:https://registry.npmjs.org/fclone not in flight; fetching
510 silly resolveWithNewModule blessed@0.1.81 checking installable status
511 silly cache add args [ 'blessed@0.1.81', null ]
512 verbose cache add spec blessed@0.1.81
513 silly cache add parsed spec Result {
513 silly cache add   raw: 'blessed@0.1.81',
513 silly cache add   scope: null,
513 silly cache add   name: 'blessed',
513 silly cache add   rawSpec: '0.1.81',
513 silly cache add   spec: '0.1.81',
513 silly cache add   type: 'version' }
514 silly addNamed blessed@0.1.81
515 verbose addNamed "0.1.81" is a plain semver version for blessed
516 silly mapToRegistry name blessed
517 silly mapToRegistry using default registry
518 silly mapToRegistry registry https://registry.npmjs.org/
519 silly mapToRegistry uri https://registry.npmjs.org/blessed
520 verbose addNameVersion registry:https://registry.npmjs.org/blessed not in flight; fetching
521 silly resolveWithNewModule dayjs@1.8.36 checking installable status
522 silly cache add args [ 'dayjs@~1.8.25', null ]
523 verbose cache add spec dayjs@~1.8.25
524 silly cache add parsed spec Result {
524 silly cache add   raw: 'dayjs@~1.8.25',
524 silly cache add   scope: null,
524 silly cache add   name: 'dayjs',
524 silly cache add   rawSpec: '~1.8.25',
524 silly cache add   spec: '>=1.8.25 <1.9.0',
524 silly cache add   type: 'range' }
525 silly addNamed dayjs@>=1.8.25 <1.9.0
526 verbose addNamed ">=1.8.25 <1.9.0" is a valid semver range for dayjs
527 silly addNameRange { name: 'dayjs', range: '>=1.8.25 <1.9.0', hasData: false }
528 silly mapToRegistry name dayjs
529 silly mapToRegistry using default registry
530 silly mapToRegistry registry https://registry.npmjs.org/
531 silly mapToRegistry uri https://registry.npmjs.org/dayjs
532 verbose addNameRange registry:https://registry.npmjs.org/dayjs not in flight; fetching
533 silly resolveWithNewModule debug@4.3.4 checking installable status
534 silly cache add args [ 'debug@^4.3.1', null ]
535 verbose cache add spec debug@^4.3.1
536 silly cache add parsed spec Result {
536 silly cache add   raw: 'debug@^4.3.1',
536 silly cache add   scope: null,
536 silly cache add   name: 'debug',
536 silly cache add   rawSpec: '^4.3.1',
536 silly cache add   spec: '>=4.3.1 <5.0.0',
536 silly cache add   type: 'range' }
537 silly addNamed debug@>=4.3.1 <5.0.0
538 verbose addNamed ">=4.3.1 <5.0.0" is a valid semver range for debug
539 silly addNameRange { name: 'debug', range: '>=4.3.1 <5.0.0', hasData: false }
540 silly mapToRegistry name debug
541 silly mapToRegistry using default registry
542 silly mapToRegistry registry https://registry.npmjs.org/
543 silly mapToRegistry uri https://registry.npmjs.org/debug
544 verbose addNameRange registry:https://registry.npmjs.org/debug not in flight; fetching
545 http 304 https://registry.npmjs.org/promptly
546 verbose headers { date: 'Wed, 21 Sep 2022 18:46:15 GMT',
546 verbose headers   connection: 'keep-alive',
546 verbose headers   'cf-ray': '74e4f6689f1784cb-BOM',
546 verbose headers   age: '90',
546 verbose headers   'cache-control': 'public, max-age=300',
546 verbose headers   etag: '"b1a66f176b51e27e2f657c19b9690716"',
546 verbose headers   'last-modified': 'Fri, 24 Jun 2022 19:56:46 GMT',
546 verbose headers   vary: 'Accept-Encoding',
546 verbose headers   'cf-cache-status': 'HIT',
546 verbose headers   'x-amz-replication-status': 'COMPLETED',
546 verbose headers   server: 'cloudflare' }
547 silly get cb [ 304,
547 silly get   { date: 'Wed, 21 Sep 2022 18:46:15 GMT',
547 silly get     connection: 'keep-alive',
547 silly get     'cf-ray': '74e4f6689f1784cb-BOM',
547 silly get     age: '90',
547 silly get     'cache-control': 'public, max-age=300',
547 silly get     etag: '"b1a66f176b51e27e2f657c19b9690716"',
547 silly get     'last-modified': 'Fri, 24 Jun 2022 19:56:46 GMT',
547 silly get     vary: 'Accept-Encoding',
547 silly get     'cf-cache-status': 'HIT',
547 silly get     'x-amz-replication-status': 'COMPLETED',
547 silly get     server: 'cloudflare' } ]
548 verbose etag https://registry.npmjs.org/promptly from cache
549 verbose get saving promptly to /home/chase/.npm/registry.npmjs.org/promptly/.cache.json
550 silly resolveWithNewModule enquirer@2.3.6 checking installable status
551 silly cache add args [ 'enquirer@2.3.6', null ]
552 verbose cache add spec enquirer@2.3.6
553 silly cache add parsed spec Result {
553 silly cache add   raw: 'enquirer@2.3.6',
553 silly cache add   scope: null,
553 silly cache add   name: 'enquirer',
553 silly cache add   rawSpec: '2.3.6',
553 silly cache add   spec: '2.3.6',
553 silly cache add   type: 'version' }
554 silly addNamed enquirer@2.3.6
555 verbose addNamed "2.3.6" is a plain semver version for enquirer
556 silly mapToRegistry name enquirer
557 silly mapToRegistry using default registry
558 silly mapToRegistry registry https://registry.npmjs.org/
559 silly mapToRegistry uri https://registry.npmjs.org/enquirer
560 verbose addNameVersion registry:https://registry.npmjs.org/enquirer not in flight; fetching
561 silly resolveWithNewModule source-map-support@0.5.19 checking installable status
562 silly cache add args [ 'source-map-support@0.5.19', null ]
563 verbose cache add spec source-map-support@0.5.19
564 silly cache add parsed spec Result {
564 silly cache add   raw: 'source-map-support@0.5.19',
564 silly cache add   scope: null,
564 silly cache add   name: 'source-map-support',
564 silly cache add   rawSpec: '0.5.19',
564 silly cache add   spec: '0.5.19',
564 silly cache add   type: 'version' }
565 silly addNamed source-map-support@0.5.19
566 verbose addNamed "0.5.19" is a plain semver version for source-map-support
567 silly mapToRegistry name source-map-support
568 silly mapToRegistry using default registry
569 silly mapToRegistry registry https://registry.npmjs.org/
570 silly mapToRegistry uri https://registry.npmjs.org/source-map-support
571 verbose addNameVersion registry:https://registry.npmjs.org/source-map-support not in flight; fetching
572 silly resolveWithNewModule vizion@2.2.1 checking installable status
573 silly cache add args [ 'vizion@~2.2.1', null ]
574 verbose cache add spec vizion@~2.2.1
575 silly cache add parsed spec Result {
575 silly cache add   raw: 'vizion@~2.2.1',
575 silly cache add   scope: null,
575 silly cache add   name: 'vizion',
575 silly cache add   rawSpec: '~2.2.1',
575 silly cache add   spec: '>=2.2.1 <2.3.0',
575 silly cache add   type: 'range' }
576 silly addNamed vizion@>=2.2.1 <2.3.0
577 verbose addNamed ">=2.2.1 <2.3.0" is a valid semver range for vizion
578 silly addNameRange { name: 'vizion', range: '>=2.2.1 <2.3.0', hasData: false }
579 silly mapToRegistry name vizion
580 silly mapToRegistry using default registry
581 silly mapToRegistry registry https://registry.npmjs.org/
582 silly mapToRegistry uri https://registry.npmjs.org/vizion
583 verbose addNameRange registry:https://registry.npmjs.org/vizion not in flight; fetching
584 silly resolveWithNewModule chokidar@3.5.3 checking installable status
585 silly cache add args [ 'chokidar@^3.5.1', null ]
586 verbose cache add spec chokidar@^3.5.1
587 silly cache add parsed spec Result {
587 silly cache add   raw: 'chokidar@^3.5.1',
587 silly cache add   scope: null,
587 silly cache add   name: 'chokidar',
587 silly cache add   rawSpec: '^3.5.1',
587 silly cache add   spec: '>=3.5.1 <4.0.0',
587 silly cache add   type: 'range' }
588 silly addNamed chokidar@>=3.5.1 <4.0.0
589 verbose addNamed ">=3.5.1 <4.0.0" is a valid semver range for chokidar
590 silly addNameRange { name: 'chokidar', range: '>=3.5.1 <4.0.0', hasData: false }
591 silly mapToRegistry name chokidar
592 silly mapToRegistry using default registry
593 silly mapToRegistry registry https://registry.npmjs.org/
594 silly mapToRegistry uri https://registry.npmjs.org/chokidar
595 verbose addNameRange registry:https://registry.npmjs.org/chokidar not in flight; fetching
596 silly resolveWithNewModule yamljs@0.3.0 checking installable status
597 silly cache add args [ 'yamljs@0.3.0', null ]
598 verbose cache add spec yamljs@0.3.0
599 silly cache add parsed spec Result {
599 silly cache add   raw: 'yamljs@0.3.0',
599 silly cache add   scope: null,
599 silly cache add   name: 'yamljs',
599 silly cache add   rawSpec: '0.3.0',
599 silly cache add   spec: '0.3.0',
599 silly cache add   type: 'version' }
600 silly addNamed yamljs@0.3.0
601 verbose addNamed "0.3.0" is a plain semver version for yamljs
602 silly mapToRegistry name yamljs
603 silly mapToRegistry using default registry
604 silly mapToRegistry registry https://registry.npmjs.org/
605 silly mapToRegistry uri https://registry.npmjs.org/yamljs
606 verbose addNameVersion registry:https://registry.npmjs.org/yamljs not in flight; fetching
607 silly resolveWithNewModule chalk@3.0.0 checking installable status
608 silly cache add args [ 'chalk@3.0.0', null ]
609 verbose cache add spec chalk@3.0.0
610 silly cache add parsed spec Result {
610 silly cache add   raw: 'chalk@3.0.0',
610 silly cache add   scope: null,
610 silly cache add   name: 'chalk',
610 silly cache add   rawSpec: '3.0.0',
610 silly cache add   spec: '3.0.0',
610 silly cache add   type: 'version' }
611 silly addNamed chalk@3.0.0
612 verbose addNamed "3.0.0" is a plain semver version for chalk
613 silly mapToRegistry name chalk
614 silly mapToRegistry using default registry
615 silly mapToRegistry registry https://registry.npmjs.org/
616 silly mapToRegistry uri https://registry.npmjs.org/chalk
617 verbose addNameVersion registry:https://registry.npmjs.org/chalk not in flight; fetching
618 silly resolveWithNewModule needle@2.4.0 checking installable status
619 silly cache add args [ 'needle@2.4.0', null ]
620 verbose cache add spec needle@2.4.0
621 silly cache add parsed spec Result {
621 silly cache add   raw: 'needle@2.4.0',
621 silly cache add   scope: null,
621 silly cache add   name: 'needle',
621 silly cache add   rawSpec: '2.4.0',
621 silly cache add   spec: '2.4.0',
621 silly cache add   type: 'version' }
622 silly addNamed needle@2.4.0
623 verbose addNamed "2.4.0" is a plain semver version for needle
624 silly mapToRegistry name needle
625 silly mapToRegistry using default registry
626 silly mapToRegistry registry https://registry.npmjs.org/
627 silly mapToRegistry uri https://registry.npmjs.org/needle
628 verbose addNameVersion registry:https://registry.npmjs.org/needle not in flight; fetching
629 silly resolveWithNewModule pm2-axon-rpc@0.7.1 checking installable status
630 silly cache add args [ 'pm2-axon-rpc@~0.7.1', null ]
631 verbose cache add spec pm2-axon-rpc@~0.7.1
632 silly cache add parsed spec Result {
632 silly cache add   raw: 'pm2-axon-rpc@~0.7.1',
632 silly cache add   scope: null,
632 silly cache add   name: 'pm2-axon-rpc',
632 silly cache add   rawSpec: '~0.7.1',
632 silly cache add   spec: '>=0.7.1 <0.8.0',
632 silly cache add   type: 'range' }
633 silly addNamed pm2-axon-rpc@>=0.7.1 <0.8.0
634 verbose addNamed ">=0.7.1 <0.8.0" is a valid semver range for pm2-axon-rpc
635 silly addNameRange { name: 'pm2-axon-rpc', range: '>=0.7.1 <0.8.0', hasData: false }
636 silly mapToRegistry name pm2-axon-rpc
637 silly mapToRegistry using default registry
638 silly mapToRegistry registry https://registry.npmjs.org/
639 silly mapToRegistry uri https://registry.npmjs.org/pm2-axon-rpc
640 verbose addNameRange registry:https://registry.npmjs.org/pm2-axon-rpc not in flight; fetching
641 silly resolveWithNewModule semver@7.3.7 checking installable status
642 silly cache add args [ 'semver@^7.2', null ]
643 verbose cache add spec semver@^7.2
644 silly cache add parsed spec Result {
644 silly cache add   raw: 'semver@^7.2',
644 silly cache add   scope: null,
644 silly cache add   name: 'semver',
644 silly cache add   rawSpec: '^7.2',
644 silly cache add   spec: '>=7.2.0 <8.0.0',
644 silly cache add   type: 'range' }
645 silly addNamed semver@>=7.2.0 <8.0.0
646 verbose addNamed ">=7.2.0 <8.0.0" is a valid semver range for semver
647 silly addNameRange { name: 'semver', range: '>=7.2.0 <8.0.0', hasData: false }
648 silly mapToRegistry name semver
649 silly mapToRegistry using default registry
650 silly mapToRegistry registry https://registry.npmjs.org/
651 silly mapToRegistry uri https://registry.npmjs.org/semver
652 verbose addNameRange registry:https://registry.npmjs.org/semver not in flight; fetching
653 silly resolveWithNewModule pm2-sysmonit@1.2.8 checking installable status
654 silly cache add args [ 'pm2-sysmonit@^1.2.8', null ]
655 verbose cache add spec pm2-sysmonit@^1.2.8
656 silly cache add parsed spec Result {
656 silly cache add   raw: 'pm2-sysmonit@^1.2.8',
656 silly cache add   scope: null,
656 silly cache add   name: 'pm2-sysmonit',
656 silly cache add   rawSpec: '^1.2.8',
656 silly cache add   spec: '>=1.2.8 <2.0.0',
656 silly cache add   type: 'range' }
657 silly addNamed pm2-sysmonit@>=1.2.8 <2.0.0
658 verbose addNamed ">=1.2.8 <2.0.0" is a valid semver range for pm2-sysmonit
659 silly addNameRange { name: 'pm2-sysmonit', range: '>=1.2.8 <2.0.0', hasData: false }
660 silly mapToRegistry name pm2-sysmonit
661 silly mapToRegistry using default registry
662 silly mapToRegistry registry https://registry.npmjs.org/
663 silly mapToRegistry uri https://registry.npmjs.org/pm2-sysmonit
664 verbose addNameRange registry:https://registry.npmjs.org/pm2-sysmonit not in flight; fetching
665 silly resolveWithNewModule pm2-deploy@1.0.2 checking installable status
666 silly cache add args [ 'pm2-deploy@~1.0.2', null ]
667 verbose cache add spec pm2-deploy@~1.0.2
668 silly cache add parsed spec Result {
668 silly cache add   raw: 'pm2-deploy@~1.0.2',
668 silly cache add   scope: null,
668 silly cache add   name: 'pm2-deploy',
668 silly cache add   rawSpec: '~1.0.2',
668 silly cache add   spec: '>=1.0.2 <1.1.0',
668 silly cache add   type: 'range' }
669 silly addNamed pm2-deploy@>=1.0.2 <1.1.0
670 verbose addNamed ">=1.0.2 <1.1.0" is a valid semver range for pm2-deploy
671 silly addNameRange { name: 'pm2-deploy', range: '>=1.0.2 <1.1.0', hasData: false }
672 silly mapToRegistry name pm2-deploy
673 silly mapToRegistry using default registry
674 silly mapToRegistry registry https://registry.npmjs.org/
675 silly mapToRegistry uri https://registry.npmjs.org/pm2-deploy
676 verbose addNameRange registry:https://registry.npmjs.org/pm2-deploy not in flight; fetching
677 silly resolveWithNewModule pm2-axon@4.0.1 checking installable status
678 silly cache add args [ 'pm2-axon@~4.0.1', null ]
679 verbose cache add spec pm2-axon@~4.0.1
680 silly cache add parsed spec Result {
680 silly cache add   raw: 'pm2-axon@~4.0.1',
680 silly cache add   scope: null,
680 silly cache add   name: 'pm2-axon',
680 silly cache add   rawSpec: '~4.0.1',
680 silly cache add   spec: '>=4.0.1 <4.1.0',
680 silly cache add   type: 'range' }
681 silly addNamed pm2-axon@>=4.0.1 <4.1.0
682 verbose addNamed ">=4.0.1 <4.1.0" is a valid semver range for pm2-axon
683 silly addNameRange { name: 'pm2-axon', range: '>=4.0.1 <4.1.0', hasData: false }
684 silly mapToRegistry name pm2-axon
685 silly mapToRegistry using default registry
686 silly mapToRegistry registry https://registry.npmjs.org/
687 silly mapToRegistry uri https://registry.npmjs.org/pm2-axon
688 verbose addNameRange registry:https://registry.npmjs.org/pm2-axon not in flight; fetching
689 verbose stack Error: Missing required argument #1
689 verbose stack     at andLogAndFinish (/usr/share/npm/lib/fetch-package-metadata.js:31:3)
689 verbose stack     at fetchPackageMetadata (/usr/share/npm/lib/fetch-package-metadata.js:51:22)
689 verbose stack     at resolveWithNewModule (/usr/share/npm/lib/install/deps.js:456:12)
689 verbose stack     at /usr/share/npm/lib/install/deps.js:457:7
689 verbose stack     at /usr/share/npm/node_modules/iferr/index.js:13:50
689 verbose stack     at /usr/share/npm/lib/fetch-package-metadata.js:37:12
689 verbose stack     at addRequestedAndFinish (/usr/share/npm/lib/fetch-package-metadata.js:82:5)
689 verbose stack     at returnAndAddMetadata (/usr/share/npm/lib/fetch-package-metadata.js:117:7)
689 verbose stack     at pickVersionFromRegistryDocument (/usr/share/npm/lib/fetch-package-metadata.js:134:20)
689 verbose stack     at /usr/share/npm/node_modules/iferr/index.js:13:50
690 verbose cwd /var/www/app
691 error Linux 4.15.0-1113-azure
692 error argv "/usr/bin/nodejs" "/usr/bin/npm" "i" "-g" "pm2"
693 error node v4.2.6
694 error npm  v3.5.2
695 error code EMISSINGARG
696 error typeerror Error: Missing required argument #1
696 error typeerror     at andLogAndFinish (/usr/share/npm/lib/fetch-package-metadata.js:31:3)
696 error typeerror     at fetchPackageMetadata (/usr/share/npm/lib/fetch-package-metadata.js:51:22)
696 error typeerror     at resolveWithNewModule (/usr/share/npm/lib/install/deps.js:456:12)
696 error typeerror     at /usr/share/npm/lib/install/deps.js:457:7
696 error typeerror     at /usr/share/npm/node_modules/iferr/index.js:13:50
696 error typeerror     at /usr/share/npm/lib/fetch-package-metadata.js:37:12
696 error typeerror     at addRequestedAndFinish (/usr/share/npm/lib/fetch-package-metadata.js:82:5)
696 error typeerror     at returnAndAddMetadata (/usr/share/npm/lib/fetch-package-metadata.js:117:7)
696 error typeerror     at pickVersionFromRegistryDocument (/usr/share/npm/lib/fetch-package-metadata.js:134:20)
696 error typeerror     at /usr/share/npm/node_modules/iferr/index.js:13:50
697 error typeerror This is an error with npm itself. Please report this error at:
697 error typeerror     <http://github.com/npm/npm/issues>
698 verbose exit [ 1, true ]
